Schemathesis v4.7.5
━━━━━━━━━━━━━━━━━━━


 ✅  Loaded specification from openapi.json (in 0.16s)                                                                 

     Base URL:         http://62.113.58.93:4040                                                                        
     Specification:    Open API 3.0.0                                                                                  
     Operations:       67 selected / 67 total                                                                          


 ✅  API capabilities:                                                                                                 

     Supports NULL byte in headers:    ✘                                                                               

 ❌  Examples (in 3.50s)                                                                                               
                                                                                                                       
     ✅ 16 passed  ❌ 49 failed  ⏭   2 skipped                                                                         

 ❌  Coverage (in 25.10s)                                                                                              
                                                                                                                       
     ❌ 67 failed                                                                                                      

 ❌  Fuzzing (in 1.64s)                                                                                                
                                                                                                                       
     ✅  6 passed  ❌ 61 failed                                                                                        

=================================== FAILURES ===================================
______________________ POST /api/v1/dashboard/auth/login _______________________
1. Test Case ID: soB0u1

- Server error

- Undocumented HTTP status code

    Received: 500
    Documented: 200, 400

[500] Internal Server Error:

    `{"message":"Login failed","error":"User not found"}`

Reproduce with: 

    curl -X POST -H 'Authorization: [Filtered]' -H 'Content-Type: application/json' -d '{"login": "admin", "password": "test"}' http://62.113.58.93:4040/api/v1/dashboard/auth/login

2. Test Case ID: AECR7A

- Missing header not rejected

    Got 500 when missing required 'Authorization' header, expected 401

[500] Internal Server Error:

    `{"message":"Login failed","error":"User not found"}`

Reproduce with: 

    curl -X POST -H 'Content-Type: application/json' -d '{"login": "admin", "password": "test"}' http://62.113.58.93:4040/api/v1/dashboard/auth/login

3. Test Case ID: 9XEyEi

- Response violates schema

    ['login should not be empty', 'password should not be empty'] is not of type 'string'

    Schema at /properties/message:

        {
            "type": "string",
            "example": "User not found"
        }

    Value:

        [
            "login should not be empty",
            "password should not be empty"
        ]

- API rejected schema-compliant request

    Valid data should have been accepted
    Expected: 2xx, 401, 403, 404, 409, 5xx

[400] Bad Request:

    `{"message":["login should not be empty","password should not be empty"],"error":"Bad Request","statusCode":400}`

Reproduce with: 

    curl -X POST -H 'Authorization: [Filtered]' -H 'Content-Type: application/json' -d '{"login": "", "password": ""}' http://62.113.58.93:4040/api/v1/dashboard/auth/login

__________________ POST /api/v1/dashboard/auth/refresh-token ___________________
1. Test Case ID: AMb7mD

- Server error

- Undocumented HTTP status code

    Received: 500
    Documented: 200, 400

[500] Internal Server Error:

    `{"message":"Token refresh failed","error":"Invalid refresh token"}`

Reproduce with: 

    curl -X POST -H 'Authorization: [Filtered]' -H 'Content-Type: application/json' -d '{"refreshToken": "a1b2c3d4e5f6g7h8i9j0k1l2m3n4o5p6q7r8s9t0u1v2w3x4y5z6"}' http://62.113.58.93:4040/api/v1/dashboard/auth/refresh-token

2. Test Case ID: hYc5mR

- Missing header not rejected

    Got 500 when missing required 'Authorization' header, expected 401

[500] Internal Server Error:

    `{"message":"Token refresh failed","error":"Invalid refresh token"}`

Reproduce with: 

    curl -X POST -H 'Content-Type: application/json' -d '{"refreshToken": "a1b2c3d4e5f6g7h8i9j0k1l2m3n4o5p6q7r8s9t0u1v2w3x4y5z6"}' http://62.113.58.93:4040/api/v1/dashboard/auth/refresh-token

3. Test Case ID: zTYDIK

- Response violates schema

    ['refreshToken should not be empty'] is not of type 'string'

    Schema at /properties/message:

        {
            "type": "string",
            "example": "User not found"
        }

    Value:

        [
            "refreshToken should not be empty"
        ]

- API rejected schema-compliant request

    Valid data should have been accepted
    Expected: 2xx, 401, 403, 404, 409, 5xx

[400] Bad Request:

    `{"message":["refreshToken should not be empty"],"error":"Bad Request","statusCode":400}`

Reproduce with: 

    curl -X POST -H 'Authorization: [Filtered]' -H 'Content-Type: application/json' -d '{"refreshToken": ""}' http://62.113.58.93:4040/api/v1/dashboard/auth/refresh-token

_________________ POST /api/v1/dashboard/auth/change-password __________________
1. Test Case ID: Jpta0p

- API rejected schema-compliant request

    Valid data should have been accepted
    Expected: 2xx, 401, 403, 404, 409, 5xx

[400] Bad Request:

    `{"statusCode":400,"message":"Eski parol notog'ri"}`

Reproduce with: 

    curl -X POST -H 'Authorization: [Filtered]' -H 'Content-Type: application/json' -d '{"old_password": "OldPassword123", "new_password": "NewPassword123"}' http://62.113.58.93:4040/api/v1/dashboard/auth/change-password

2. Test Case ID: HXX1gp

- Undocumented HTTP status code

    Received: 401
    Documented: 200, 400

[401] Unauthorized:

    `{"message":"Unauthorized","statusCode":401}`

Reproduce with: 

    curl -X POST -H 'Content-Type: application/json' -d '{"old_password": "OldPassword123", "new_password": "NewPassword123"}' http://62.113.58.93:4040/api/v1/dashboard/auth/change-password

3. Test Case ID: CNiTkU

- Response violates schema

    ['Eski parol majburiy', 'Yangi parol majburiy'] is not of type 'string'

    Schema at /properties/message:

        {
            "type": "string",
            "example": "User not found"
        }

    Value:

        [
            "Eski parol majburiy",
            "Yangi parol majburiy"
        ]

[400] Bad Request:

    `{"message":["Eski parol majburiy","Yangi parol majburiy"],"error":"Bad Request","statusCode":400}`

Reproduce with: 

    curl -X POST -H 'Authorization: [Filtered]' -H 'Content-Type: application/json' -d '{"new_password": "", "old_password": ""}' http://62.113.58.93:4040/api/v1/dashboard/auth/change-password

_____________________ POST /api/v1/dashboard/brand/create ______________________
1. Test Case ID: KEQrQq

- Server error

- Undocumented HTTP status code

    Received: 500
    Documented: 201, 400

[500] Internal Server Error:

    `{"message":"Error creating brand","error":"duplicate key value violates unique constraint \"REL_c8f69ac7e7b6cb6b1f6cf4fd00\""}`

Reproduce with: 

    curl -X POST -H 'Authorization: [Filtered]' -H 'Content-Type: application/json' -d '{"title": {"uz": "Brend nomi", "ru": "\u041d\u0430\u0437\u0432\u0430\u043d\u0438\u0435 \u0431\u0440\u0435\u043d\u0434\u0430", "en": "Brand name"}, "slug": "apple", "file_id": 1, "position": 1, "public": true}' http://62.113.58.93:4040/api/v1/dashboard/brand/create

2. Test Case ID: jmhqQ2

- Undocumented HTTP status code

    Received: 401
    Documented: 201, 400

[401] Unauthorized:

    `{"message":"Unauthorized","statusCode":401}`

Reproduce with: 

    curl -X POST -H 'Content-Type: application/json' -d '{"title": {"uz": "Brend nomi", "ru": "\u041d\u0430\u0437\u0432\u0430\u043d\u0438\u0435 \u0431\u0440\u0435\u043d\u0434\u0430", "en": "Brand name"}, "slug": "apple", "file_id": 1, "position": 1, "public": true}' http://62.113.58.93:4040/api/v1/dashboard/brand/create

3. Test Case ID: frIQAW

- Response violates schema

    ['slug should not be empty'] is not of type 'string'

    Schema at /properties/message:

        {
            "type": "string",
            "example": "User not found"
        }

    Value:

        [
            "slug should not be empty"
        ]

- API rejected schema-compliant request

    Valid data should have been accepted
    Expected: 2xx, 401, 403, 404, 409, 5xx

[400] Bad Request:

    `{"message":["slug should not be empty"],"error":"Bad Request","statusCode":400}`

Reproduce with: 

    curl -X POST -H 'Authorization: [Filtered]' -H 'Content-Type: application/json' -d '{"file_id": 0.0, "position": 0.0, "public": false, "slug": "", "title": {}}' http://62.113.58.93:4040/api/v1/dashboard/brand/create

_____________________ POST /api/v1/dashboard/brand/findOne _____________________
1. Test Case ID: qTfXVr

- Undocumented HTTP status code

    Received: 404
    Documented: 200, 400

[404] Not Found:

    `{"message":"Brand not found"}`

Reproduce with: 

    curl -X POST -H 'Authorization: [Filtered]' -H 'Content-Type: application/json' -d '{"id": 1}' http://62.113.58.93:4040/api/v1/dashboard/brand/findOne

2. Test Case ID: RSJLAs

- Undocumented HTTP status code

    Received: 401
    Documented: 200, 400

[401] Unauthorized:

    `{"message":"Unauthorized","statusCode":401}`

Reproduce with: 

    curl -X POST -H 'Content-Type: application/json' -d '{"id": 1}' http://62.113.58.93:4040/api/v1/dashboard/brand/findOne

_____________________ POST /api/v1/dashboard/brand/update ______________________
1. Test Case ID: zwuHs4

- Server error

- Undocumented HTTP status code

    Received: 500
    Documented: 202, 400

[500] Internal Server Error:

    `{"message":"Error updating brand","error":"Brand not found"}`

Reproduce with: 

    curl -X POST -H 'Authorization: [Filtered]' -H 'Content-Type: application/json' -d '{"title": {"uz": "Brend nomi", "ru": "\u041d\u0430\u0437\u0432\u0430\u043d\u0438\u0435 \u0431\u0440\u0435\u043d\u0434\u0430", "en": "Brand name"}, "slug": "apple", "file_id": 1, "position": 1, "public": true, "id": 1}' http://62.113.58.93:4040/api/v1/dashboard/brand/update

2. Test Case ID: 6uEBkM

- Undocumented HTTP status code

    Received: 401
    Documented: 202, 400

[401] Unauthorized:

    `{"message":"Unauthorized","statusCode":401}`

Reproduce with: 

    curl -X POST -H 'Content-Type: application/json' -d '{"title": {"uz": "Brend nomi", "ru": "\u041d\u0430\u0437\u0432\u0430\u043d\u0438\u0435 \u0431\u0440\u0435\u043d\u0434\u0430", "en": "Brand name"}, "slug": "apple", "file_id": 1, "position": 1, "public": true, "id": 1}' http://62.113.58.93:4040/api/v1/dashboard/brand/update

3. Test Case ID: nl4RwI

- Response violates schema

    ['slug should not be empty'] is not of type 'string'

    Schema at /properties/message:

        {
            "type": "string",
            "example": "User not found"
        }

    Value:

        [
            "slug should not be empty"
        ]

- API rejected schema-compliant request

    Valid data should have been accepted
    Expected: 2xx, 401, 403, 404, 409, 5xx

[400] Bad Request:

    `{"message":["slug should not be empty"],"error":"Bad Request","statusCode":400}`

Reproduce with: 

    curl -X POST -H 'Authorization: [Filtered]' -H 'Content-Type: application/json' -d '{"file_id": 0.0, "id": 0.0, "position": 0.0, "public": false, "slug": "", "title": {}}' http://62.113.58.93:4040/api/v1/dashboard/brand/update

___________________ POST /api/v1/dashboard/categories/create ___________________
1. Test Case ID: 3uyFSV

- Server error

- Undocumented HTTP status code

    Received: 500
    Documented: 201, 400

[500] Internal Server Error:

    `{"message":"Error creating categories","error":"duplicate key value violates unique constraint \"REL_3e25fb3cdffe9f7f48c89cf1de\""}`

Reproduce with: 

    curl -X POST -H 'Authorization: [Filtered]' -H 'Content-Type: application/json' -d '{"title": {"uz": "Smartfonlar", "ru": "\u0421\u043c\u0430\u0440\u0442\u0444\u043e\u043d\u044b", "en": "Smartphones"}, "slug": "smartfonlar", "level": 1, "file_id": 2, "position": 1, "is_centered": true, "public": true, "parent_id": 1}' http://62.113.58.93:4040/api/v1/dashboard/categories/create

2. Test Case ID: MjH8L3

- Undocumented HTTP status code

    Received: 401
    Documented: 201, 400

[401] Unauthorized:

    `{"message":"Unauthorized","statusCode":401}`

Reproduce with: 

    curl -X POST -H 'Content-Type: application/json' -d '{"title": {"uz": "Smartfonlar", "ru": "\u0421\u043c\u0430\u0440\u0442\u0444\u043e\u043d\u044b", "en": "Smartphones"}, "slug": "smartfonlar", "level": 1, "file_id": 2, "position": 1, "is_centered": true, "public": true, "parent_id": 1}' http://62.113.58.93:4040/api/v1/dashboard/categories/create

3. Test Case ID: HmdPlr

- Response violates schema

    ['slug should not be empty'] is not of type 'string'

    Schema at /properties/message:

        {
            "type": "string",
            "example": "User not found"
        }

    Value:

        [
            "slug should not be empty"
        ]

- API rejected schema-compliant request

    Valid data should have been accepted
    Expected: 2xx, 401, 403, 404, 409, 5xx

[400] Bad Request:

    `{"message":["slug should not be empty"],"error":"Bad Request","statusCode":400}`

Reproduce with: 

    curl -X POST -H 'Authorization: [Filtered]' -H 'Content-Type: application/json' -d '{"level": 0.0, "position": 0.0, "slug": "", "title": {}}' http://62.113.58.93:4040/api/v1/dashboard/categories/create

__________________ POST /api/v1/dashboard/categories/findOne ___________________
1. Test Case ID: 3VOb7u

- Server error

- Undocumented HTTP status code

    Received: 500
    Documented: 200, 400

[500] Internal Server Error:

    `{"message":"Error finding categories","error":"Category not found"}`

Reproduce with: 

    curl -X POST -H 'Authorization: [Filtered]' -H 'Content-Type: application/json' -d '{"id": 1}' http://62.113.58.93:4040/api/v1/dashboard/categories/findOne

2. Test Case ID: w7DjON

- Undocumented HTTP status code

    Received: 401
    Documented: 200, 400

[401] Unauthorized:

    `{"message":"Unauthorized","statusCode":401}`

Reproduce with: 

    curl -X POST -H 'Content-Type: application/json' -d '{"id": 1}' http://62.113.58.93:4040/api/v1/dashboard/categories/findOne

___________________ POST /api/v1/dashboard/categories/update ___________________
1. Test Case ID: YcBoQ4

- Server error

- Undocumented HTTP status code

    Received: 500
    Documented: 202, 400

[500] Internal Server Error:

    `{"message":"Error updating categories","error":"Category not found"}`

Reproduce with: 

    curl -X POST -H 'Authorization: [Filtered]' -H 'Content-Type: application/json' -d '{"id": 1, "title": {"uz": "Tavsif", "ru": "\u041e\u043f\u0438\u0441\u0430\u043d\u0438\u0435", "en": "Description"}, "slug": "test", "level": 1, "file_id": 1, "position": 1, "is_centered": true, "public": true, "parent_id": 1}' http://62.113.58.93:4040/api/v1/dashboard/categories/update

2. Test Case ID: TouaA5

- Undocumented HTTP status code

    Received: 401
    Documented: 202, 400

[401] Unauthorized:

    `{"message":"Unauthorized","statusCode":401}`

Reproduce with: 

    curl -X POST -H 'Content-Type: application/json' -d '{"id": 1, "title": {"uz": "Tavsif", "ru": "\u041e\u043f\u0438\u0441\u0430\u043d\u0438\u0435", "en": "Description"}, "slug": "test", "level": 1, "file_id": 1, "position": 1, "is_centered": true, "public": true, "parent_id": 1}' http://62.113.58.93:4040/api/v1/dashboard/categories/update

3. Test Case ID: 0A9aKP

- Response violates schema

    ['slug should not be empty'] is not of type 'string'

    Schema at /properties/message:

        {
            "type": "string",
            "example": "User not found"
        }

    Value:

        [
            "slug should not be empty"
        ]

- API rejected schema-compliant request

    Valid data should have been accepted
    Expected: 2xx, 401, 403, 404, 409, 5xx

[400] Bad Request:

    `{"message":["slug should not be empty"],"error":"Bad Request","statusCode":400}`

Reproduce with: 

    curl -X POST -H 'Authorization: [Filtered]' -H 'Content-Type: application/json' -d '{"file_id": 0.0, "id": 0.0, "is_centered": false, "level": 0.0, "parent_id": 0.0, "position": 0.0, "public": false, "slug": "", "title": {}}' http://62.113.58.93:4040/api/v1/dashboard/categories/update

____________________ POST /api/v1/dashboard/product/create _____________________
1. Test Case ID: LVjlqY

- Server error

- Undocumented HTTP status code

    Received: 500
    Documented: 201, 400

[500] Internal Server Error:

    `{"message":"Error creating product","error":"duplicate key value violates unique constraint \"idx_products_slug\""}`

Reproduce with: 

    curl -X POST -H 'Authorization: [Filtered]' -H 'Content-Type: application/json' -d '{"title": {"uz": "Mahsulot nomi", "ru": "\u041d\u0430\u0437\u0432\u0430\u043d\u0438\u0435 \u0442\u043e\u0432\u0430\u0440\u0430", "en": "Product title"}, "description": {"uz": "Mahsulot tavsifi", "ru": "\u041e\u043f\u0438\u0441\u0430\u043d\u0438\u0435 \u0442\u043e\u0432\u0430\u0440\u0430", "en": "Product description"}, "slug": "super-mahsulot", "count": 10, "price": 150000, "price_with_discount": 120000, "file_ids": [1, 2, 3], "seo_title": "Super mahsulot", "seo_description": "Bu mahsulot haqida SEO tavsifi", "is_discount": false, "is_new": true, "position": 1, "public": true, "category_id": 5, "brand_id": 3, "unit_id": 2}' http://62.113.58.93:4040/api/v1/dashboard/product/create

2. Test Case ID: jfcHve

- Undocumented HTTP status code

    Received: 401
    Documented: 201, 400

[401] Unauthorized:

    `{"message":"Unauthorized","statusCode":401}`

Reproduce with: 

    curl -X POST -H 'Content-Type: application/json' -d '{"title": {"uz": "Mahsulot nomi", "ru": "\u041d\u0430\u0437\u0432\u0430\u043d\u0438\u0435 \u0442\u043e\u0432\u0430\u0440\u0430", "en": "Product title"}, "description": {"uz": "Mahsulot tavsifi", "ru": "\u041e\u043f\u0438\u0441\u0430\u043d\u0438\u0435 \u0442\u043e\u0432\u0430\u0440\u0430", "en": "Product description"}, "slug": "super-mahsulot", "count": 10, "price": 150000, "price_with_discount": 120000, "file_ids": [1, 2, 3], "seo_title": "Super mahsulot", "seo_description": "Bu mahsulot haqida SEO tavsifi", "is_discount": false, "is_new": true, "position": 1, "public": true, "category_id": 5, "brand_id": 3, "unit_id": 2}' http://62.113.58.93:4040/api/v1/dashboard/product/create

3. Test Case ID: lq56oF

- Response violates schema

    ['slug should not be empty', 'seo_title should not be empty', 'seo_description should not be empty'] is not of type 'string'

    Schema at /properties/message:

        {
            "type": "string",
            "example": "User not found"
        }

    Value:

        [
            "slug should not be empty",
            "seo_title should not be empty",
            "seo_description should not be empty"
        ]

- API rejected schema-compliant request

    Valid data should have been accepted
    Expected: 2xx, 401, 403, 404, 409, 5xx

[400] Bad Request:

    `{"message":["slug should not be empty","seo_title should not be empty","seo_description should not be empty"],"error":"Bad Request","statusCode":400}`

Reproduce with: 

    curl -X POST -H 'Authorization: [Filtered]' -H 'Content-Type: application/json' -d '{"brand_id": 0.0, "category_id": 0.0, "count": 0.0, "description": {}, "file_ids": [], "is_discount": false, "is_new": false, "position": 0.0, "price": 0.0, "price_with_discount": 0.0, "public": false, "seo_description": "", "seo_title": "", "slug": "", "title": {}, "unit_id": 0.0}' http://62.113.58.93:4040/api/v1/dashboard/product/create

____________________ POST /api/v1/dashboard/product/findOne ____________________
1. Test Case ID: FHxAAX

- Undocumented HTTP status code

    Received: 404
    Documented: 200, 400

[404] Not Found:

    `{"statusCode":404,"message":"Product not found"}`

Reproduce with: 

    curl -X POST -H 'Authorization: [Filtered]' -H 'Content-Type: application/json' -d '{"id": 1}' http://62.113.58.93:4040/api/v1/dashboard/product/findOne

2. Test Case ID: P2IUg2

- Undocumented HTTP status code

    Received: 401
    Documented: 200, 400

[401] Unauthorized:

    `{"message":"Unauthorized","statusCode":401}`

Reproduce with: 

    curl -X POST -H 'Content-Type: application/json' -d '{"id": 1}' http://62.113.58.93:4040/api/v1/dashboard/product/findOne

____________________ POST /api/v1/dashboard/product/update _____________________
1. Test Case ID: ZVa5Yu

- Response violates schema

    ['nested property title must be either object or array', 'nested property description must be either object or array'] is not of type 'string'

    Schema at /properties/message:

        {
            "type": "string",
            "example": "User not found"
        }

    Value:

        [
            "nested property title must be either object or array",
            "nested property description must be either object or array"
        ]

- API rejected schema-compliant request

    Valid data should have been accepted
    Expected: 2xx, 401, 403, 404, 409, 5xx

[400] Bad Request:

    `{"message":["nested property title must be either object or array","nested property description must be either object or array"],"error":"Bad Request","statusCode":400}`

Reproduce with: 

    curl -X POST -H 'Authorization: [Filtered]' -H 'Content-Type: application/json' -d '{"id": 1, "title": "test", "description": "test", "slug": "test", "count": 1, "price": 1, "price_with_discount": 1, "file_ids": [1, 2, 3], "seo_title": "test", "seo_description": "test", "is_discount": false, "is_new": false, "position": 1, "public": false, "category_id": 1, "brand_id": 1, "unit_id": 1}' http://62.113.58.93:4040/api/v1/dashboard/product/update

2. Test Case ID: yYR0Fn

- Undocumented HTTP status code

    Received: 401
    Documented: 202, 400

[401] Unauthorized:

    `{"message":"Unauthorized","statusCode":401}`

Reproduce with: 

    curl -X POST -H 'Content-Type: application/json' -d '{"id": 1, "title": "test", "description": "test", "slug": "test", "count": 1, "price": 1, "price_with_discount": 1, "file_ids": [1, 2, 3], "seo_title": "test", "seo_description": "test", "is_discount": false, "is_new": false, "position": 1, "public": false, "category_id": 1, "brand_id": 1, "unit_id": 1}' http://62.113.58.93:4040/api/v1/dashboard/product/update

______________________ POST /api/v1/dashboard/unit/create ______________________
1. Test Case ID: xwoyLi

- Response violates schema

    'name' is a required property

    Schema at /properties/result:

        {
            "required": [
                "id",
                "name",
                "symbol"
            ],
            "type": "object",
            "properties": {
                "id": {
                    "type": "number",
                    "example": 1
                },
                "name": {
                    "type": "object",
                    "example": {
                        "uz": "Dona",
                        "ru": "\u0428\u0442\u0443\u043a\u0430",
                        "en": "Piece"
                    }
            // Output truncated...
        }

    Value:

        {
            "id": 16,
            "deleted_at": null,
            "created_at": "2025-12-14T14:28:25.160Z",
            "updated_at": "2025-12-14T14:28:25.160Z",
            "title": {
                "uz": "Tavsif",
                "ru": "\u041e\u043f\u0438\u0441\u0430\u043d\u0438\u0435",
                "en": "Description"
            },
            "symbol": "test",
            "public": false
        }

[201] Created:

    `{"result":{"id":16,"deleted_at":null,"created_at":"2025-12-14T14:28:25.160Z","updated_at":"2025-12-14T14:28:25.160Z","title":{"uz":"Tavsif","ru":"Описание","en":"Description"},"symbol":"test","public":false}}`

Reproduce with: 

    curl -X POST -H 'Authorization: [Filtered]' -H 'Content-Type: application/json' -d '{"title": {"uz": "Tavsif", "ru": "\u041e\u043f\u0438\u0441\u0430\u043d\u0438\u0435", "en": "Description"}, "symbol": "test", "public": false}' http://62.113.58.93:4040/api/v1/dashboard/unit/create

2. Test Case ID: M9TaMp

- Undocumented HTTP status code

    Received: 401
    Documented: 201, 400

[401] Unauthorized:

    `{"message":"Unauthorized","statusCode":401}`

Reproduce with: 

    curl -X POST -H 'Content-Type: application/json' -d '{"title": {"uz": "Tavsif", "ru": "\u041e\u043f\u0438\u0441\u0430\u043d\u0438\u0435", "en": "Description"}, "symbol": "test", "public": false}' http://62.113.58.93:4040/api/v1/dashboard/unit/create

3. Test Case ID: lPz4of

- Response violates schema

    ['symbol should not be empty'] is not of type 'string'

    Schema at /properties/message:

        {
            "type": "string",
            "example": "User not found"
        }

    Value:

        [
            "symbol should not be empty"
        ]

- API rejected schema-compliant request

    Valid data should have been accepted
    Expected: 2xx, 401, 403, 404, 409, 5xx

[400] Bad Request:

    `{"message":["symbol should not be empty"],"error":"Bad Request","statusCode":400}`

Reproduce with: 

    curl -X POST -H 'Authorization: [Filtered]' -H 'Content-Type: application/json' -d '{"public": false, "symbol": "", "title": {}}' http://62.113.58.93:4040/api/v1/dashboard/unit/create

_____________________ POST /api/v1/dashboard/unit/findAll ______________________
1. Test Case ID: EuMZWz

- Response violates schema

    'name' is a required property

    Schema at /properties/result/items:

        {
            "required": [
                "id",
                "name",
                "symbol"
            ],
            "type": "object",
            "properties": {
                "id": {
                    "type": "number",
                    "example": 1
                },
                "name": {
                    "type": "object",
                    "example": {
                        "uz": "Dona",
                        "ru": "\u0428\u0442\u0443\u043a\u0430",
                        "en": "Piece"
                    }
            // Output truncated...
        }

    Value:

        {
            "id": 16,
            "deleted_at": null,
            "created_at": "2025-12-14T14:28:25.160Z",
            "updated_at": "2025-12-14T14:28:25.160Z",
            "title": {
                "en": "Description",
                "ru": "\u041e\u043f\u0438\u0441\u0430\u043d\u0438\u0435",
                "uz": "Tavsif"
            },
            "symbol": "test",
            "public": false
        }

[200] OK:

    `{"pagination":{"current":1,"previous":0,"next":0,"limit":50,"total":1,"totalItems":14},"result":[{"id":16,"deleted_at":null,"created_at":"2025-12-14T14:28:25.160Z","updated_at":"2025-12-14T14:28:25.160Z","title":{"en":"Description","ru":"Описание","uz":"Tavsif"},"symbol":"test","public":false},{"id":15,"deleted_at":null,"created_at":"2025-12-14T14:26:28.445Z","updated_at":"2025-12-14T14:26:28.445Z","title":{"en":"Description","ru":"Описание","uz":"Tavsif"},"symbol":"test","public":false},{"id":14,"deleted_a // Output truncated...`

Reproduce with: 

    curl -X POST -H 'Authorization: [Filtered]' -H 'Content-Type: application/json' -d '{"page": 1, "limit": 50}' http://62.113.58.93:4040/api/v1/dashboard/unit/findAll

2. Test Case ID: yl7LTV

- Undocumented HTTP status code

    Received: 401
    Documented: 200, 400

[401] Unauthorized:

    `{"message":"Unauthorized","statusCode":401}`

Reproduce with: 

    curl -X POST -H 'Content-Type: application/json' -d '{"page": 1, "limit": 10}' http://62.113.58.93:4040/api/v1/dashboard/unit/findAll

3. Test Case ID: 9ztqtM

- Response violates schema

    None is not of type 'number'

    Schema at /properties/pagination/properties/total:

        {
            "type": "number",
            "example": 10,
            "description": "Total number of pages"
        }

    Value:

        null

[200] OK:

    `{"pagination":{"current":0,"previous":0,"next":0,"limit":0,"total":null,"totalItems":14},"result":[]}`

Reproduce with: 

    curl -X POST -H 'Authorization: [Filtered]' -H 'Content-Type: application/json' -d '{"limit": 0.0, "page": 0.0}' http://62.113.58.93:4040/api/v1/dashboard/unit/findAll

_____________________ POST /api/v1/dashboard/unit/findOne ______________________
1. Test Case ID: PH5qS2

- Undocumented HTTP status code

    Received: 404
    Documented: 200, 400

[404] Not Found:

    `{"statusCode":404,"message":"unit not found"}`

Reproduce with: 

    curl -X POST -H 'Authorization: [Filtered]' -H 'Content-Type: application/json' -d '{"id": 1}' http://62.113.58.93:4040/api/v1/dashboard/unit/findOne

2. Test Case ID: tmyb1t

- Undocumented HTTP status code

    Received: 401
    Documented: 200, 400

[401] Unauthorized:

    `{"message":"Unauthorized","statusCode":401}`

Reproduce with: 

    curl -X POST -H 'Content-Type: application/json' -d '{"id": 1}' http://62.113.58.93:4040/api/v1/dashboard/unit/findOne

______________________ POST /api/v1/dashboard/unit/update ______________________
1. Test Case ID: MUCb4C

- Server error

- Undocumented HTTP status code

    Received: 500
    Documented: 202, 400

[500] Internal Server Error:

    `{"message":"Error updating unit","error":"unit not found"}`

Reproduce with: 

    curl -X POST -H 'Authorization: [Filtered]' -H 'Content-Type: application/json' -d '{"id": 1, "title": {"uz": "Tavsif", "ru": "\u041e\u043f\u0438\u0441\u0430\u043d\u0438\u0435", "en": "Description"}, "symbol": "test", "public": false}' http://62.113.58.93:4040/api/v1/dashboard/unit/update

2. Test Case ID: NrSda1

- Undocumented HTTP status code

    Received: 401
    Documented: 202, 400

[401] Unauthorized:

    `{"message":"Unauthorized","statusCode":401}`

Reproduce with: 

    curl -X POST -H 'Content-Type: application/json' -d '{"id": 1, "title": {"uz": "Tavsif", "ru": "\u041e\u043f\u0438\u0441\u0430\u043d\u0438\u0435", "en": "Description"}, "symbol": "test", "public": false}' http://62.113.58.93:4040/api/v1/dashboard/unit/update

3. Test Case ID: zsnRJ5

- Response violates schema

    ['symbol should not be empty'] is not of type 'string'

    Schema at /properties/message:

        {
            "type": "string",
            "example": "User not found"
        }

    Value:

        [
            "symbol should not be empty"
        ]

- API rejected schema-compliant request

    Valid data should have been accepted
    Expected: 2xx, 401, 403, 404, 409, 5xx

[400] Bad Request:

    `{"message":["symbol should not be empty"],"error":"Bad Request","statusCode":400}`

Reproduce with: 

    curl -X POST -H 'Authorization: [Filtered]' -H 'Content-Type: application/json' -d '{"id": 0.0, "public": false, "symbol": "", "title": {}}' http://62.113.58.93:4040/api/v1/dashboard/unit/update

_____________________ POST /api/v1/dashboard/banner/create _____________________
1. Test Case ID: NaoPzY

- Server error

- Undocumented HTTP status code

    Received: 500
    Documented: 201, 400

[500] Internal Server Error:

    `{"message":"Error creating banner","error":"duplicate key value violates unique constraint \"REL_5dc46b7d8bb991eed05ec581e1\""}`

Reproduce with: 

    curl -X POST -H 'Authorization: [Filtered]' -H 'Content-Type: application/json' -d '{"title": {"uz": "Yozgi chegirmalar", "ru": "\u041b\u0435\u0442\u043d\u0438\u0435 \u0441\u043a\u0438\u0434\u043a\u0438", "en": "Summer discounts"}, "description": {"uz": "Chegirmalar 50% gacha!", "ru": "\u0421\u043a\u0438\u0434\u043a\u0438 \u0434\u043e 50%!", "en": "Discounts up to 50%!"}, "file_id": 1, "link": "https://example.com", "position": 1, "top": true, "public": true}' http://62.113.58.93:4040/api/v1/dashboard/banner/create

2. Test Case ID: Rc9xrf

- Undocumented HTTP status code

    Received: 401
    Documented: 201, 400

[401] Unauthorized:

    `{"message":"Unauthorized","statusCode":401}`

Reproduce with: 

    curl -X POST -H 'Content-Type: application/json' -d '{"title": {"uz": "Yozgi chegirmalar", "ru": "\u041b\u0435\u0442\u043d\u0438\u0435 \u0441\u043a\u0438\u0434\u043a\u0438", "en": "Summer discounts"}, "description": {"uz": "Chegirmalar 50% gacha!", "ru": "\u0421\u043a\u0438\u0434\u043a\u0438 \u0434\u043e 50%!", "en": "Discounts up to 50%!"}, "file_id": 1, "link": "https://example.com", "position": 1, "top": true, "public": true}' http://62.113.58.93:4040/api/v1/dashboard/banner/create

3. Test Case ID: U2borB

- Response violates schema

    ['link should not be empty'] is not of type 'string'

    Schema at /properties/message:

        {
            "type": "string",
            "example": "User not found"
        }

    Value:

        [
            "link should not be empty"
        ]

- API rejected schema-compliant request

    Valid data should have been accepted
    Expected: 2xx, 401, 403, 404, 409, 5xx

[400] Bad Request:

    `{"message":["link should not be empty"],"error":"Bad Request","statusCode":400}`

Reproduce with: 

    curl -X POST -H 'Authorization: [Filtered]' -H 'Content-Type: application/json' -d '{"description": {}, "file_id": 0.0, "link": "", "position": 0.0, "public": false, "title": {}, "top": false}' http://62.113.58.93:4040/api/v1/dashboard/banner/create

____________________ POST /api/v1/dashboard/banner/findOne _____________________
1. Test Case ID: 6rYVP2

- Undocumented HTTP status code

    Received: 404
    Documented: 200, 400

[404] Not Found:

    `{"message":"Banner not found"}`

Reproduce with: 

    curl -X POST -H 'Authorization: [Filtered]' -H 'Content-Type: application/json' -d '{"id": 1}' http://62.113.58.93:4040/api/v1/dashboard/banner/findOne

2. Test Case ID: SvEEj5

- Undocumented HTTP status code

    Received: 401
    Documented: 200, 400

[401] Unauthorized:

    `{"message":"Unauthorized","statusCode":401}`

Reproduce with: 

    curl -X POST -H 'Content-Type: application/json' -d '{"id": 1}' http://62.113.58.93:4040/api/v1/dashboard/banner/findOne

_____________________ POST /api/v1/dashboard/banner/update _____________________
1. Test Case ID: hwuO8r

- Server error

- Undocumented HTTP status code

    Received: 500
    Documented: 202, 400

[500] Internal Server Error:

    `{"message":"Error updating banner","error":"Banner not found"}`

Reproduce with: 

    curl -X POST -H 'Authorization: [Filtered]' -H 'Content-Type: application/json' -d '{"id": 1, "title": {"uz": "Tavsif", "ru": "\u041e\u043f\u0438\u0441\u0430\u043d\u0438\u0435", "en": "Description"}, "description": {"uz": "Tavsif", "ru": "\u041e\u043f\u0438\u0441\u0430\u043d\u0438\u0435", "en": "Description"}, "file_id": 1, "link": "https://example.com\"", "position": 1, "top": true, "public": true}' http://62.113.58.93:4040/api/v1/dashboard/banner/update

2. Test Case ID: oZVF5W

- Undocumented HTTP status code

    Received: 401
    Documented: 202, 400

[401] Unauthorized:

    `{"message":"Unauthorized","statusCode":401}`

Reproduce with: 

    curl -X POST -H 'Content-Type: application/json' -d '{"id": 1, "title": {"uz": "Tavsif", "ru": "\u041e\u043f\u0438\u0441\u0430\u043d\u0438\u0435", "en": "Description"}, "description": {"uz": "Tavsif", "ru": "\u041e\u043f\u0438\u0441\u0430\u043d\u0438\u0435", "en": "Description"}, "file_id": 1, "link": "https://example.com\"", "position": 1, "top": true, "public": true}' http://62.113.58.93:4040/api/v1/dashboard/banner/update

3. Test Case ID: lXWqrO

- Response violates schema

    ['link should not be empty'] is not of type 'string'

    Schema at /properties/message:

        {
            "type": "string",
            "example": "User not found"
        }

    Value:

        [
            "link should not be empty"
        ]

- API rejected schema-compliant request

    Valid data should have been accepted
    Expected: 2xx, 401, 403, 404, 409, 5xx

[400] Bad Request:

    `{"message":["link should not be empty"],"error":"Bad Request","statusCode":400}`

Reproduce with: 

    curl -X POST -H 'Authorization: [Filtered]' -H 'Content-Type: application/json' -d '{"description": {}, "file_id": 0.0, "id": 0.0, "link": "", "position": 0.0, "public": false, "title": {}, "top": false}' http://62.113.58.93:4040/api/v1/dashboard/banner/update

____________________ POST /api/v1/dashboard/client/findAll _____________________
1. Test Case ID: hBb9iU

- Response violates schema

    'deleted_at' is a required property

    Schema at /properties/result/items:

        {
            "required": [
                "id",
                "deleted_at",
                "first_name",
                "last_name",
                "phone",
                "email",
                "address",
                "block",
                "created_at",
                "updated_at"
            ],
            "type": "object",
            "properties": {
                "id": {
                    "type": "number",
                    "example": 5
                },
            // Output truncated...
        }

    Value:

        {
            "id": 80,
            "created_at": "2025-12-09T11:58:57.405Z",
            "updated_at": "2025-12-09T11:58:57.405Z",
            "first_name": null,
            "last_name": null,
            "phone": "+998935799759",
            "email": null,
            "address": null,
            "block": false
        }

[200] OK:

    `{"pagination":{"current":1,"previous":0,"next":2,"limit":50,"total":2,"totalItems":63},"result":[{"id":80,"created_at":"2025-12-09T11:58:57.405Z","updated_at":"2025-12-09T11:58:57.405Z","first_name":null,"last_name":null,"phone":"+998935799759","email":null,"address":null,"block":false},{"id":79,"created_at":"2025-12-09T11:28:36.566Z","updated_at":"2025-12-09T11:28:36.566Z","first_name":null,"last_name":null,"phone":"+998990660699","email":null,"address":null,"block":false},{"id":78,"created_at":"2025-11-26 // Output truncated...`

Reproduce with: 

    curl -X POST -H 'Authorization: [Filtered]' -H 'Content-Type: application/json' -d '{"page": 1, "limit": 50}' http://62.113.58.93:4040/api/v1/dashboard/client/findAll

2. Test Case ID: K9O05J

- Undocumented HTTP status code

    Received: 401
    Documented: 200, 400

[401] Unauthorized:

    `{"message":"Unauthorized","statusCode":401}`

Reproduce with: 

    curl -X POST -H 'Content-Type: application/json' -d '{"page": 1, "limit": 10}' http://62.113.58.93:4040/api/v1/dashboard/client/findAll

3. Test Case ID: aafySG

- Response violates schema

    None is not of type 'number'

    Schema at /properties/pagination/properties/total:

        {
            "type": "number",
            "example": 10,
            "description": "Total number of pages"
        }

    Value:

        null

[200] OK:

    `{"pagination":{"current":0,"previous":0,"next":0,"limit":0,"total":null,"totalItems":63},"result":[]}`

Reproduce with: 

    curl -X POST -H 'Authorization: [Filtered]' -H 'Content-Type: application/json' -d '{"limit": 0.0, "page": 0.0}' http://62.113.58.93:4040/api/v1/dashboard/client/findAll

____________________ POST /api/v1/dashboard/client/findOne _____________________
1. Test Case ID: qiJ4x5

- Undocumented HTTP status code

    Received: 404
    Documented: 200, 400

[404] Not Found:

    `{"statusCode":404,"message":"Mijoz topilmadi"}`

Reproduce with: 

    curl -X POST -H 'Authorization: [Filtered]' -H 'Content-Type: application/json' -d '{"id": 1}' http://62.113.58.93:4040/api/v1/dashboard/client/findOne

2. Test Case ID: 2Jk1H5

- Undocumented HTTP status code

    Received: 401
    Documented: 200, 400

[401] Unauthorized:

    `{"message":"Unauthorized","statusCode":401}`

Reproduce with: 

    curl -X POST -H 'Content-Type: application/json' -d '{"id": 1}' http://62.113.58.93:4040/api/v1/dashboard/client/findOne

_____________________ POST /api/v1/dashboard/client/remove _____________________
1. Test Case ID: qqkBxF

- Undocumented HTTP status code

    Received: 404
    Documented: 200, 400

[404] Not Found:

    `{"statusCode":404,"message":"Mijoz topilmadi"}`

Reproduce with: 

    curl -X POST -H 'Authorization: [Filtered]' -H 'Content-Type: application/json' -d '{"id": 1}' http://62.113.58.93:4040/api/v1/dashboard/client/remove

2. Test Case ID: SE3ZML

- Undocumented HTTP status code

    Received: 401
    Documented: 200, 400

[401] Unauthorized:

    `{"message":"Unauthorized","statusCode":401}`

Reproduce with: 

    curl -X POST -H 'Content-Type: application/json' -d '{"id": 1}' http://62.113.58.93:4040/api/v1/dashboard/client/remove

_____________________ POST /api/v1/dashboard/client/block ______________________
1. Test Case ID: 1uJM6C

- Undocumented HTTP status code

    Received: 404
    Documented: 200, 400

[404] Not Found:

    `{"statusCode":404,"message":"Mijoz topilmadi"}`

Reproduce with: 

    curl -X POST -H 'Authorization: [Filtered]' -H 'Content-Type: application/json' -d '{"id": 1, "block": true, "reason": "Violated terms of service"}' http://62.113.58.93:4040/api/v1/dashboard/client/block

2. Test Case ID: vYvmCW

- Undocumented HTTP status code

    Received: 401
    Documented: 200, 400

[401] Unauthorized:

    `{"message":"Unauthorized","statusCode":401}`

Reproduce with: 

    curl -X POST -H 'Content-Type: application/json' -d '{"id": 1, "block": true, "reason": "Violated terms of service"}' http://62.113.58.93:4040/api/v1/dashboard/client/block

_____________________ POST /api/v1/dashboard/staff/create ______________________
1. Test Case ID: kT7vM6

- Undocumented HTTP status code

    Received: 409
    Documented: 201, 400

[409] Conflict:

    `{"statusCode":409,"message":"Bu login bilan foydalanuvchi allaqachon mavjud"}`

Reproduce with: 

    curl -X POST -H 'Authorization: [Filtered]' -H 'Content-Type: application/json' -d '{"login": "admin_login", "first_name": "Admin", "last_name": "User", "password": "SecurePassword123", "role": "admin"}' http://62.113.58.93:4040/api/v1/dashboard/staff/create

2. Test Case ID: WSOL3y

- Undocumented HTTP status code

    Received: 401
    Documented: 201, 400

[401] Unauthorized:

    `{"message":"Unauthorized","statusCode":401}`

Reproduce with: 

    curl -X POST -H 'Content-Type: application/json' -d '{"login": "admin_login", "first_name": "Admin", "last_name": "User", "password": "SecurePassword123", "role": "admin"}' http://62.113.58.93:4040/api/v1/dashboard/staff/create

3. Test Case ID: q334iO

- Response violates schema

    ['Login majburiy', 'Ism majburiy', 'Familiya majburiy', "Parol kamida 8 ta belgidan iborat bo'lishi kerak", 'Parol majburiy'] is not of type 'string'

    Schema at /properties/message:

        {
            "type": "string",
            "example": "User not found"
        }

    Value:

        [
            "Login majburiy",
            "Ism majburiy",
            "Familiya majburiy",
            "Parol kamida 8 ta belgidan iborat bo'lishi kerak",
            "Parol majburiy"
        ]

- API rejected schema-compliant request

    Valid data should have been accepted
    Expected: 2xx, 401, 403, 404, 409, 5xx

[400] Bad Request:

    `{"message":["Login majburiy","Ism majburiy","Familiya majburiy","Parol kamida 8 ta belgidan iborat bo'lishi kerak","Parol majburiy"],"error":"Bad Request","statusCode":400}`

Reproduce with: 

    curl -X POST -H 'Authorization: [Filtered]' -H 'Content-Type: application/json' -d '{"first_name": "", "last_name": "", "login": "", "password": "", "role": "admin"}' http://62.113.58.93:4040/api/v1/dashboard/staff/create

_____________________ POST /api/v1/dashboard/staff/findAll _____________________
1. Test Case ID: REgFAX

- Response violates schema

    None is not of type 'string'

    Schema at /properties/result/items/properties/email:

        {
            "type": "string",
            "example": "content@stroy.uz"
        }

    Value:

        null

[200] OK:

    `{"pagination":{"current":10,"previous":9,"next":11,"limit":1,"total":50,"totalItems":50},"result":[{"id":77,"created_at":"2025-11-26T05:58:47.934Z","updated_at":"2025-12-14T14:26:57.043Z","role":"super_admin","first_name":"Admin","last_name":"User","email":null,"block":false},{"id":75,"created_at":"2025-11-25T10:27:53.515Z","updated_at":"2025-11-25T05:28:22.937Z","role":"super_admin","first_name":"Admin","last_name":"User","email":null,"block":false},{"id":74,"created_at":"2025-11-25T09:53:40.252Z","updated // Output truncated...`

Reproduce with: 

    curl -X POST -H 'Authorization: [Filtered]' -H 'Content-Type: application/json' -d '{"page": 1, "limit": 50}' http://62.113.58.93:4040/api/v1/dashboard/staff/findAll

2. Test Case ID: bLHhH4

- Undocumented HTTP status code

    Received: 401
    Documented: 200, 400

[401] Unauthorized:

    `{"message":"Unauthorized","statusCode":401}`

Reproduce with: 

    curl -X POST -H 'Content-Type: application/json' -d '{"page": 1, "limit": 10}' http://62.113.58.93:4040/api/v1/dashboard/staff/findAll

3. Test Case ID: H6BTJ8

- Response violates schema

    None is not of type 'number'

    Schema at /properties/pagination/properties/total:

        {
            "type": "number",
            "example": 10,
            "description": "Total number of pages"
        }

    Value:

        null

[200] OK:

    `{"pagination":{"current":10,"previous":0,"next":0,"limit":0,"total":null,"totalItems":0},"result":[]}`

Reproduce with: 

    curl -X POST -H 'Authorization: [Filtered]' -H 'Content-Type: application/json' -d '{"limit": 0.0, "page": 0.0}' http://62.113.58.93:4040/api/v1/dashboard/staff/findAll

_____________________ POST /api/v1/dashboard/staff/findOne _____________________
1. Test Case ID: mshmdA

- Undocumented HTTP status code

    Received: 404
    Documented: 200, 400

[404] Not Found:

    `{"statusCode":404,"message":"Staff topilmadi"}`

Reproduce with: 

    curl -X POST -H 'Authorization: [Filtered]' -H 'Content-Type: application/json' -d '{"id": 1}' http://62.113.58.93:4040/api/v1/dashboard/staff/findOne

2. Test Case ID: NpbImd

- Undocumented HTTP status code

    Received: 401
    Documented: 200, 400

[401] Unauthorized:

    `{"message":"Unauthorized","statusCode":401}`

Reproduce with: 

    curl -X POST -H 'Content-Type: application/json' -d '{"id": 1}' http://62.113.58.93:4040/api/v1/dashboard/staff/findOne

_____________________ POST /api/v1/dashboard/staff/update ______________________
1. Test Case ID: HeyKxB

- Undocumented HTTP status code

    Received: 404
    Documented: 200, 400

[404] Not Found:

    `{"statusCode":404,"message":"Staff topilmadi"}`

Reproduce with: 

    curl -X POST -H 'Authorization: [Filtered]' -H 'Content-Type: application/json' -d '{"id": 1, "login": "admin_login", "first_name": "Admin", "last_name": "User", "role": "admin"}' http://62.113.58.93:4040/api/v1/dashboard/staff/update

2. Test Case ID: A9g5Tp

- Undocumented HTTP status code

    Received: 401
    Documented: 200, 400

[401] Unauthorized:

    `{"message":"Unauthorized","statusCode":401}`

Reproduce with: 

    curl -X POST -H 'Content-Type: application/json' -d '{"id": 1, "login": "admin_login", "first_name": "Admin", "last_name": "User", "role": "admin"}' http://62.113.58.93:4040/api/v1/dashboard/staff/update

_____________________ POST /api/v1/dashboard/staff/remove ______________________
1. Test Case ID: gfwknB

- Undocumented HTTP status code

    Received: 404
    Documented: 200, 400

[404] Not Found:

    `{"statusCode":404,"message":"Staff topilmadi"}`

Reproduce with: 

    curl -X POST -H 'Authorization: [Filtered]' -H 'Content-Type: application/json' -d '{"id": 1}' http://62.113.58.93:4040/api/v1/dashboard/staff/remove

2. Test Case ID: 6F3NZU

- Undocumented HTTP status code

    Received: 401
    Documented: 200, 400

[401] Unauthorized:

    `{"message":"Unauthorized","statusCode":401}`

Reproduce with: 

    curl -X POST -H 'Content-Type: application/json' -d '{"id": 1}' http://62.113.58.93:4040/api/v1/dashboard/staff/remove

________________ POST /api/v1/dashboard/staff/update-my-profile ________________
1. Test Case ID: qelXy9

- Undocumented HTTP status code

    Received: 409
    Documented: 200, 400

[409] Conflict:

    `{"statusCode":409,"message":"Bu login bilan foydalanuvchi allaqachon mavjud"}`

Reproduce with: 

    curl -X POST -H 'Authorization: [Filtered]' -H 'Content-Type: application/json' -d '{"login": "admin_login", "first_name": "Admin", "last_name": "User"}' http://62.113.58.93:4040/api/v1/dashboard/staff/update-my-profile

2. Test Case ID: NfBoyF

- Undocumented HTTP status code

    Received: 401
    Documented: 200, 400

[401] Unauthorized:

    `{"message":"Unauthorized","statusCode":401}`

Reproduce with: 

    curl -X POST -H 'Content-Type: application/json' -d '{"login": "admin_login", "first_name": "Admin", "last_name": "User"}' http://62.113.58.93:4040/api/v1/dashboard/staff/update-my-profile

3. Test Case ID: GyNqku

- Response violates schema

    'email' is a required property

    Schema at /properties/result:

        {
            "required": [
                "id",
                "first_name",
                "last_name",
                "email",
                "role",
                "block",
                "created_at",
                "updated_at"
            ],
            "type": "object",
            "properties": {
                "id": {
                    "type": "number",
                    "example": 3
                },
                "first_name": {
                    "anyOf": [
            // Output truncated...
        }

    Value:

        {
            "id": 77,
            "created_at": "2025-11-26T05:58:47.934Z",
            "updated_at": "2025-12-14T14:28:53.057Z",
            "role": "super_admin",
            "first_name": "Admin",
            "last_name": "User",
            "login": "abdulaziz"
        }

[200] OK:

    `{"result":{"id":77,"created_at":"2025-11-26T05:58:47.934Z","updated_at":"2025-12-14T14:28:53.057Z","role":"super_admin","first_name":"Admin","last_name":"User","login":"abdulaziz"}}`

Reproduce with: 

    curl -X POST -H 'Authorization: [Filtered]' -H 'Content-Type: application/json' -d '{}' http://62.113.58.93:4040/api/v1/dashboard/staff/update-my-profile

_____________________ POST /api/v1/dashboard/file/findOne ______________________
1. Test Case ID: mpsKIB

- Undocumented HTTP status code

    Received: 404
    Documented: 200, 400

[404] Not Found:

    `{"statusCode":404,"message":"file not found"}`

Reproduce with: 

    curl -X POST -H 'Authorization: [Filtered]' -H 'Content-Type: application/json' -d '{"id": 1}' http://62.113.58.93:4040/api/v1/dashboard/file/findOne

2. Test Case ID: gZVqgi

- Undocumented HTTP status code

    Received: 401
    Documented: 200, 400

[401] Unauthorized:

    `{"message":"Unauthorized","statusCode":401}`

Reproduce with: 

    curl -X POST -H 'Content-Type: application/json' -d '{"id": 1}' http://62.113.58.93:4040/api/v1/dashboard/file/findOne

______________________ POST /api/v1/dashboard/file/remove ______________________
1. Test Case ID: a1jyUu

- Server error

- Undocumented HTTP status code

    Received: 500
    Documented: 200, 400

[500] Internal Server Error:

    `{"message":"Error deleting file","error":"File not found"}`

Reproduce with: 

    curl -X POST -H 'Authorization: [Filtered]' -H 'Content-Type: application/json' -d '{"id": 1}' http://62.113.58.93:4040/api/v1/dashboard/file/remove

2. Test Case ID: 7BJSVC

- Undocumented HTTP status code

    Received: 401
    Documented: 200, 400

[401] Unauthorized:

    `{"message":"Unauthorized","statusCode":401}`

Reproduce with: 

    curl -X POST -H 'Content-Type: application/json' -d '{"id": 1}' http://62.113.58.93:4040/api/v1/dashboard/file/remove

_____________________ POST /api/v1/dashboard/order/findAll _____________________
1. Test Case ID: MF245S

- Response violates schema

    None is not of type 'object'

    Schema at /properties/result/items/properties/order_items/items/properties/product:

        {
            "type": "object",
            "properties": {
                "id": {
                    "type": "number",
                    "example": 1
                },
                "title": {
                    "type": "object",
                    "example": {
                        "en": "Samsung Galaxy S24 1",
                        "ru": "Samsung Galaxy S24 1",
                        "uz": "Samsung Galaxy S24 1"
                    }
                },
                "slug": {
                    "type": "string",
                    "example": "samsung-galaxy-s24-1"
                },
            // Output truncated...
        }

    Value:

        null

[200] OK:

    `{"pagination":{"current":1,"previous":0,"next":2,"limit":50,"total":2,"totalItems":88},"result":[{"id":89,"deleted_at":null,"created_at":"2025-11-02T10:47:36.922Z","updated_at":"2025-11-02T10:47:36.922Z","state":"pending","type":"delivery","priority":"normal","order_number":"ORD-1759166756651-aed2453c","total_original_amount":0,"promocode_discount":0,"delivery_fee":0,"service_fee":0,"total_amount":19460000,"total":null,"delivery_price":0,"package_total":0,"payment":"cash","address":"Tashkent, Yunusabad dist // Output truncated...`

Reproduce with: 

    curl -X POST -H 'Authorization: [Filtered]' -H 'Content-Type: application/json' -d '{"page": 1, "limit": 50}' http://62.113.58.93:4040/api/v1/dashboard/order/findAll

2. Test Case ID: ZqugSV

- Undocumented HTTP status code

    Received: 401
    Documented: 200, 400

[401] Unauthorized:

    `{"message":"Unauthorized","statusCode":401}`

Reproduce with: 

    curl -X POST -H 'Content-Type: application/json' -d '{"page": 1, "limit": 10}' http://62.113.58.93:4040/api/v1/dashboard/order/findAll

3. Test Case ID: 46F904

- Response violates schema

    None is not of type 'number'

    Schema at /properties/pagination/properties/total:

        {
            "type": "number",
            "example": 10,
            "description": "Total number of pages"
        }

    Value:

        null

[200] OK:

    `{"pagination":{"current":0,"previous":0,"next":1,"limit":0,"total":null,"totalItems":88},"result":[{"id":89,"deleted_at":null,"created_at":"2025-11-02T10:47:36.922Z","updated_at":"2025-11-02T10:47:36.922Z","state":"pending","type":"delivery","priority":"normal","order_number":"ORD-1759166756651-aed2453c","total_original_amount":0,"promocode_discount":0,"delivery_fee":0,"service_fee":0,"total_amount":19460000,"total":null,"delivery_price":0,"package_total":0,"payment":"cash","address":"Tashkent, Yunusabad di // Output truncated...`

Reproduce with: 

    curl -X POST -H 'Authorization: [Filtered]' -H 'Content-Type: application/json' -d '{"limit": 0.0, "page": 0.0}' http://62.113.58.93:4040/api/v1/dashboard/order/findAll

_____________________ POST /api/v1/dashboard/order/findOne _____________________
1. Test Case ID: dIRz8E

- Server error

- Undocumented HTTP status code

    Received: 500
    Documented: 200, 400

[500] Internal Server Error:

    `{"message":"Error fetching order","error":"Order not found"}`

Reproduce with: 

    curl -X POST -H 'Authorization: [Filtered]' -H 'Content-Type: application/json' -d '{"id": 1}' http://62.113.58.93:4040/api/v1/dashboard/order/findOne

2. Test Case ID: GRTaxQ

- Undocumented HTTP status code

    Received: 401
    Documented: 200, 400

[401] Unauthorized:

    `{"message":"Unauthorized","statusCode":401}`

Reproduce with: 

    curl -X POST -H 'Content-Type: application/json' -d '{"id": 1}' http://62.113.58.93:4040/api/v1/dashboard/order/findOne

__________________ POST /api/v1/dashboard/order/update-status __________________
1. Test Case ID: lbDkVs

- Server error

- Undocumented HTTP status code

    Received: 500
    Documented: 202, 400

[500] Internal Server Error:

    `{"message":"Error updating order status","error":"Order not found"}`

Reproduce with: 

    curl -X POST -H 'Authorization: [Filtered]' -H 'Content-Type: application/json' -d '{"id": 1, "status": "confirmed", "admin_notes": "Status admin tomonidan o'"'"'zgartirildi"}' http://62.113.58.93:4040/api/v1/dashboard/order/update-status

2. Test Case ID: beRByA

- Undocumented HTTP status code

    Received: 401
    Documented: 202, 400

[401] Unauthorized:

    `{"message":"Unauthorized","statusCode":401}`

Reproduce with: 

    curl -X POST -H 'Content-Type: application/json' -d '{"id": 1, "status": "confirmed", "admin_notes": "Status admin tomonidan o'"'"'zgartirildi"}' http://62.113.58.93:4040/api/v1/dashboard/order/update-status

_____________________ POST /api/v1/dashboard/order/remove ______________________
1. Test Case ID: yMJgEs

- Server error

- Undocumented HTTP status code

    Received: 500
    Documented: 200, 400

[500] Internal Server Error:

    `{"message":"Error deleting order","error":"Order not found"}`

Reproduce with: 

    curl -X POST -H 'Authorization: [Filtered]' -H 'Content-Type: application/json' -d '{"id": 1}' http://62.113.58.93:4040/api/v1/dashboard/order/remove

2. Test Case ID: K6SVw3

- Undocumented HTTP status code

    Received: 401
    Documented: 200, 400

[401] Unauthorized:

    `{"message":"Unauthorized","statusCode":401}`

Reproduce with: 

    curl -X POST -H 'Content-Type: application/json' -d '{"id": 1}' http://62.113.58.93:4040/api/v1/dashboard/order/remove

__________________ POST /api/v1/dashboard/promo-codes/create ___________________
1. Test Case ID: AfwNGa

- Response violates schema

    50000 is not valid under any of the given schemas

    Schema at /properties/result/properties/max_discount_amount:

        {
            "anyOf": [
                {
                    "type": "string",
                    "example": "50000.00"
                },
                {
                    "type": "null"
                }
            ]
        }

    Value:

        50000

[201] Created:

    `{"result":{"id":18,"deleted_at":null,"created_at":"2025-12-14T14:28:26.182Z","updated_at":"2025-12-14T14:28:26.182Z","code":"R4QB94","max_discount_amount":50000,"usage_limit":100,"used_count":0,"is_manual":true,"valid_until":"2024-12-31T23:59:59.999Z"}}`

Reproduce with: 

    curl -X POST -H 'Authorization: [Filtered]' -H 'Content-Type: application/json' -d '{"code": "SAVE20", "is_manual": true, "max_discount_amount": 50000, "usage_limit": 100, "valid_until": "2024-12-31T23:59:59.999Z"}' http://62.113.58.93:4040/api/v1/dashboard/promo-codes/create

2. Test Case ID: 7ASzLz

- Undocumented HTTP status code

    Received: 401
    Documented: 201, 400

[401] Unauthorized:

    `{"message":"Unauthorized","statusCode":401}`

Reproduce with: 

    curl -X POST -H 'Content-Type: application/json' -d '{"code": "SAVE20", "is_manual": true, "max_discount_amount": 50000, "usage_limit": 100, "valid_until": "2024-12-31T23:59:59.999Z"}' http://62.113.58.93:4040/api/v1/dashboard/promo-codes/create

3. Test Case ID: fFGEAb

- Server error

- Undocumented HTTP status code

    Received: 500
    Documented: 201, 400

[500] Internal Server Error:

    `{"message":"Error creating promocode","error":"Promocode with this code already exists"}`

Reproduce with: 

    curl -X POST -H 'Authorization: [Filtered]' -H 'Content-Type: application/json' -d '{"code": "000"}' http://62.113.58.93:4040/api/v1/dashboard/promo-codes/create

__________________ POST /api/v1/dashboard/promo-codes/findOne __________________
1. Test Case ID: OgBBsc

- Server error

- Undocumented HTTP status code

    Received: 500
    Documented: 200, 400

[500] Internal Server Error:

    `{"message":"Error fetching promocode","error":"Promocode not found"}`

Reproduce with: 

    curl -X POST -H 'Authorization: [Filtered]' -H 'Content-Type: application/json' -d '{"id": 1}' http://62.113.58.93:4040/api/v1/dashboard/promo-codes/findOne

2. Test Case ID: DDTZey

- Undocumented HTTP status code

    Received: 401
    Documented: 200, 400

[401] Unauthorized:

    `{"message":"Unauthorized","statusCode":401}`

Reproduce with: 

    curl -X POST -H 'Content-Type: application/json' -d '{"id": 1}' http://62.113.58.93:4040/api/v1/dashboard/promo-codes/findOne

__________________ POST /api/v1/dashboard/promo-codes/update ___________________
1. Test Case ID: Yt8R6B

- Server error

- Undocumented HTTP status code

    Received: 500
    Documented: 200, 400

[500] Internal Server Error:

    `{"message":"Error updating promocode","error":"Promocode not found"}`

Reproduce with: 

    curl -X POST -H 'Authorization: [Filtered]' -H 'Content-Type: application/json' -d '{"id": 1, "code": "SAVE20", "max_discount_amount": 50000, "usage_limit": 100, "valid_until": "2024-12-31T23:59:59.999Z"}' http://62.113.58.93:4040/api/v1/dashboard/promo-codes/update

2. Test Case ID: Ifm3VS

- Undocumented HTTP status code

    Received: 401
    Documented: 200, 400

[401] Unauthorized:

    `{"message":"Unauthorized","statusCode":401}`

Reproduce with: 

    curl -X POST -H 'Content-Type: application/json' -d '{"id": 1, "code": "SAVE20", "max_discount_amount": 50000, "usage_limit": 100, "valid_until": "2024-12-31T23:59:59.999Z"}' http://62.113.58.93:4040/api/v1/dashboard/promo-codes/update

__________________ POST /api/v1/dashboard/promo-codes/remove ___________________
1. Test Case ID: ambvIX

- Server error

- Undocumented HTTP status code

    Received: 500
    Documented: 200, 400

[500] Internal Server Error:

    `{"message":"Error deleting promocode","error":"Promocode not found"}`

Reproduce with: 

    curl -X POST -H 'Authorization: [Filtered]' -H 'Content-Type: application/json' -d '{"id": 1}' http://62.113.58.93:4040/api/v1/dashboard/promo-codes/remove

2. Test Case ID: Jlmba6

- Undocumented HTTP status code

    Received: 401
    Documented: 200, 400

[401] Unauthorized:

    `{"message":"Unauthorized","statusCode":401}`

Reproduce with: 

    curl -X POST -H 'Content-Type: application/json' -d '{"id": 1}' http://62.113.58.93:4040/api/v1/dashboard/promo-codes/remove

_________________ POST /api/v1/dashboard/review/product/stats __________________
1. Test Case ID: ROlnRi

- Response violates schema

    'average_rating' is a required property

    Schema:

        {
            "required": [
                "average_rating",
                "total_reviews",
                "rating_distribution"
            ],
            "type": "object",
            "properties": {
                "average_rating": {
                    "type": "number",
                    "example": 4.5
                },
                "total_reviews": {
                    "type": "number",
                    "example": 150
                },
                "rating_distribution": {
                    "type": "object",
                    "example": {
            // Output truncated...
        }

    Value:

        {
            "result": {
                "average_rating": 0,
                "total_reviews": 0,
                "rating_distribution": []
            }
        }

[200] OK:

    `{"result":{"average_rating":0,"total_reviews":0,"rating_distribution":[]}}`

Reproduce with: 

    curl -X POST -H 'Authorization: [Filtered]' -H 'Content-Type: application/json' -d '{"product_id": 123}' http://62.113.58.93:4040/api/v1/dashboard/review/product/stats

2. Test Case ID: wGuINr

- Undocumented HTTP status code

    Received: 401
    Documented: 200, 400

[401] Unauthorized:

    `{"message":"Unauthorized","statusCode":401}`

Reproduce with: 

    curl -X POST -H 'Content-Type: application/json' -d '{"product_id": 123}' http://62.113.58.93:4040/api/v1/dashboard/review/product/stats

3. Test Case ID: IOASqz

- Response violates schema

    ['product_id should not be null or undefined', 'product_id must be a number conforming to the specified constraints'] is not of type 'string'

    Schema at /properties/message:

        {
            "type": "string",
            "example": "User not found"
        }

    Value:

        [
            "product_id should not be null or undefined",
            "product_id must be a number conforming to the specified constraints"
        ]

- API rejected schema-compliant request

    Valid data should have been accepted
    Expected: 2xx, 401, 403, 404, 409, 5xx

[400] Bad Request:

    `{"message":["product_id should not be null or undefined","product_id must be a number conforming to the specified constraints"],"error":"Bad Request","statusCode":400}`

Reproduce with: 

    curl -X POST -H 'Authorization: [Filtered]' -H 'Content-Type: application/json' -d '{}' http://62.113.58.93:4040/api/v1/dashboard/review/product/stats

_____________________ POST /api/v1/dashboard/review/delete _____________________
1. Test Case ID: deRfcV

- API rejected schema-compliant request

    Valid data should have been accepted
    Expected: 2xx, 401, 403, 404, 409, 5xx

[400] Bad Request:

    `{"statusCode":400,"message":"Review not found or access denied"}`

Reproduce with: 

    curl -X POST -H 'Authorization: [Filtered]' -H 'Content-Type: application/json' -d '{"id": 1}' http://62.113.58.93:4040/api/v1/dashboard/review/delete

2. Test Case ID: Bfcd5I

- Undocumented HTTP status code

    Received: 401
    Documented: 204, 400

[401] Unauthorized:

    `{"message":"Unauthorized","statusCode":401}`

Reproduce with: 

    curl -X POST -H 'Content-Type: application/json' -d '{"id": 1}' http://62.113.58.93:4040/api/v1/dashboard/review/delete

____________________ POST /api/v1/dashboard/review/findOne _____________________
1. Test Case ID: Mu2n6g

- Response violates schema

    'product_id' is a required property

    Schema at /properties/result:

        {
            "required": [
                "id",
                "created_at",
                "updated_at",
                "rating",
                "comment",
                "is_verified_purchase",
                "is_approved",
                "helpful_count",
                "product_id",
                "user_id"
            ],
            "type": "object",
            "properties": {
                "id": {
                    "type": "number",
                    "example": 1
                },
            // Output truncated...
        }

    Value:

        {
            "id": 1,
            "created_at": "2025-11-02T10:47:36.922Z",
            "updated_at": "2025-12-14T09:20:52.537Z",
            "rating": 5,
            "comment": "Yangilangan sharh",
            "is_verified_purchase": true,
            "is_approved": true,
            "helpful_count": 5,
            "product": null,
            "user": {
                "id": 13,
                "fullname": ""
            }
        }

[200] OK:

    `{"result":{"id":1,"created_at":"2025-11-02T10:47:36.922Z","updated_at":"2025-12-14T09:20:52.537Z","rating":5,"comment":"Yangilangan sharh","is_verified_purchase":true,"is_approved":true,"helpful_count":5,"product":null,"user":{"id":13,"fullname":""}}}`

Reproduce with: 

    curl -X POST -H 'Authorization: [Filtered]' -H 'Content-Type: application/json' -d '{"id": 1}' http://62.113.58.93:4040/api/v1/dashboard/review/findOne

2. Test Case ID: pHiKRO

- Undocumented HTTP status code

    Received: 401
    Documented: 200, 400

[401] Unauthorized:

    `{"message":"Unauthorized","statusCode":401}`

Reproduce with: 

    curl -X POST -H 'Content-Type: application/json' -d '{"id": 1}' http://62.113.58.93:4040/api/v1/dashboard/review/findOne

3. Test Case ID: Ihsx7N

- Server error

- Undocumented HTTP status code

    Received: 500
    Documented: 200, 400

[500] Internal Server Error:

    `{"message":"Error fetching review details","error":"Review not found"}`

Reproduce with: 

    curl -X POST -H 'Authorization: [Filtered]' -H 'Content-Type: application/json' -d '{"id": 0.0}' http://62.113.58.93:4040/api/v1/dashboard/review/findOne

_____________________ POST /api/v1/dashboard/pickup/create _____________________
1. Test Case ID: V9pP4M

- Server error

- Undocumented HTTP status code

    Received: 500
    Documented: 201, 400

[500] Internal Server Error:

    `{"message":"Error creating pickup point","error":"User not found"}`

Reproduce with: 

    curl -X POST -H 'Authorization: [Filtered]' -H 'Content-Type: application/json' -d '{"name": {"uz": "Toshkent filiali", "ru": "\u0422\u0430\u0448\u043a\u0435\u043d\u0442\u0441\u043a\u0438\u0439 \u0444\u0438\u043b\u0438\u0430\u043b", "en": "Tashkent branch"}, "description": {"uz": "Asosiy filial", "ru": "\u0413\u043b\u0430\u0432\u043d\u044b\u0439 \u0444\u0438\u043b\u0438\u0430\u043b", "en": "Main branch"}, "type": "store", "address": "Tashkent, Yunusabad district, Amir Temur street 123", "location": {"latitude": 41.2995, "longitude": 69.2401, "address": "Tashkent"}, "phone": "+998901234567", "email": "branch@example.com", "file_ids": [1, 2], "facilities": ["parking", "wifi", "air_conditioning"], "capacity": 100, "service_fee": 5, "max_storage_hours": 72, "accepts_cash": true, "accepts_card": true, "manager_id": 1, "sort_order": 1}' http://62.113.58.93:4040/api/v1/dashboard/pickup/create

2. Test Case ID: AJbvjf

- Undocumented HTTP status code

    Received: 401
    Documented: 201, 400

[401] Unauthorized:

    `{"message":"Unauthorized","statusCode":401}`

Reproduce with: 

    curl -X POST -H 'Content-Type: application/json' -d '{"name": {"uz": "Toshkent filiali", "ru": "\u0422\u0430\u0448\u043a\u0435\u043d\u0442\u0441\u043a\u0438\u0439 \u0444\u0438\u043b\u0438\u0430\u043b", "en": "Tashkent branch"}, "description": {"uz": "Asosiy filial", "ru": "\u0413\u043b\u0430\u0432\u043d\u044b\u0439 \u0444\u0438\u043b\u0438\u0430\u043b", "en": "Main branch"}, "type": "store", "address": "Tashkent, Yunusabad district, Amir Temur street 123", "location": {"latitude": 41.2995, "longitude": 69.2401, "address": "Tashkent"}, "phone": "+998901234567", "email": "branch@example.com", "working_hours": {}, "file_ids": [1, 2], "facilities": ["parking", "wifi", "air_conditioning"], "capacity": 100, "service_fee": 5, "max_storage_hours": 72, "accepts_cash": true, "accepts_card": true, "manager_id": 1, "sort_order": 1, "metadata": {}}' http://62.113.58.93:4040/api/v1/dashboard/pickup/create

3. Test Case ID: 1Nv5EZ

- Response violates schema

    ['address should not be empty'] is not of type 'string'

    Schema at /properties/message:

        {
            "type": "string",
            "example": "User not found"
        }

    Value:

        [
            "address should not be empty"
        ]

- API rejected schema-compliant request

    Valid data should have been accepted
    Expected: 2xx, 401, 403, 404, 409, 5xx

[400] Bad Request:

    `{"message":["address should not be empty"],"error":"Bad Request","statusCode":400}`

Reproduce with: 

    curl -X POST -H 'Authorization: [Filtered]' -H 'Content-Type: application/json' -d '{"address": "", "capacity": 0.0, "location": {}, "name": {}, "type": "store"}' http://62.113.58.93:4040/api/v1/dashboard/pickup/create

____________________ POST /api/v1/dashboard/pickup/findAll _____________________
1. Test Case ID: y94rAx

- Server error

- Undocumented HTTP status code

    Received: 500
    Documented: 200, 400

[500] Internal Server Error:

    `{"message":"Error fetching pickup points","error":"type \"geography\" does not exist"}`

Reproduce with: 

    curl -X POST -H 'Authorization: [Filtered]' -H 'Content-Type: application/json' -d '{"page": 1, "limit": 50, "city": "Tashkent", "manager_id": 1, "is_active": true, "is_available": true, "latitude": 41.2995, "longitude": 69.2401, "radius": 10, "search": "name"}' http://62.113.58.93:4040/api/v1/dashboard/pickup/findAll

2. Test Case ID: u06eDp

- Undocumented HTTP status code

    Received: 401
    Documented: 200, 400

[401] Unauthorized:

    `{"message":"Unauthorized","statusCode":401}`

Reproduce with: 

    curl -X POST -H 'Content-Type: application/json' -d '{"page": 1, "limit": 10, "status": "active", "type": "store", "city": "Tashkent", "manager_id": 1, "is_active": true, "is_available": true, "latitude": 41.2995, "longitude": 69.2401, "radius": 10, "search": "name"}' http://62.113.58.93:4040/api/v1/dashboard/pickup/findAll

3. Test Case ID: nfPBCD

- Response violates schema

    None is not of type 'number'

    Schema at /properties/pagination/properties/total:

        {
            "type": "number",
            "example": 10,
            "description": "Total number of pages"
        }

    Value:

        null

[200] OK:

    `{"pagination":{"current":0,"previous":0,"next":1,"limit":0,"total":null,"totalItems":7},"result":[{"id":10,"deleted_at":null,"created_at":"2025-11-23T11:28:17.311Z","updated_at":"2025-11-23T08:39:27.807Z","name":{"en":"test en","ru":"test ru","uz":"test uz"},"description":{"en":"test en","ru":"test ru","uz":"test uz"},"type":"PICKUP_POINT","status":"active","address":"Uzbekistan, Tashkent, Amir Temur Square","location":{"address":"Uzbekistan, Tashkent, Amir Temur Square","latitude":41.31208314443547,"longit // Output truncated...`

Reproduce with: 

    curl -X POST -H 'Authorization: [Filtered]' -H 'Content-Type: application/json' -d '{"limit": 0.0, "page": 0.0}' http://62.113.58.93:4040/api/v1/dashboard/pickup/findAll

____________________ POST /api/v1/dashboard/pickup/findOne _____________________
1. Test Case ID: Jfs05o

- Server error

- Undocumented HTTP status code

    Received: 500
    Documented: 200, 400

[500] Internal Server Error:

    `{"message":"Error fetching pickup point","error":"Pickup point not found"}`

Reproduce with: 

    curl -X POST -H 'Authorization: [Filtered]' -H 'Content-Type: application/json' -d '{"id": 1}' http://62.113.58.93:4040/api/v1/dashboard/pickup/findOne

2. Test Case ID: Jeh6Uq

- Undocumented HTTP status code

    Received: 401
    Documented: 200, 400

[401] Unauthorized:

    `{"message":"Unauthorized","statusCode":401}`

Reproduce with: 

    curl -X POST -H 'Content-Type: application/json' -d '{"id": 1}' http://62.113.58.93:4040/api/v1/dashboard/pickup/findOne

_____________________ POST /api/v1/dashboard/pickup/update _____________________
1. Test Case ID: BSOow3

- Server error

- Undocumented HTTP status code

    Received: 500
    Documented: 200, 400

[500] Internal Server Error:

    `{"message":"Error updating pickup point","error":"Pickup point not found"}`

Reproduce with: 

    curl -X POST -H 'Authorization: [Filtered]' -H 'Content-Type: application/json' -d '{"id": 1, "name": {"uz": "Toshkent filiali", "ru": "\u0422\u0430\u0448\u043a\u0435\u043d\u0442\u0441\u043a\u0438\u0439 \u0444\u0438\u043b\u0438\u0430\u043b", "en": "Tashkent branch"}, "description": {"uz": "Asosiy filial", "ru": "\u0413\u043b\u0430\u0432\u043d\u044b\u0439 \u0444\u0438\u043b\u0438\u0430\u043b", "en": "Main branch"}, "type": "store", "address": "Tashkent, Yunusabad district, Amir Temur street 123", "location": {"latitude": 41.2995, "longitude": 69.2401, "address": "Tashkent"}, "phone": "+998901234567", "email": "branch@example.com", "file_ids": [1, 2], "facilities": ["parking", "wifi", "air_conditioning"], "capacity": 100, "service_fee": 5, "max_storage_hours": 72, "accepts_cash": true, "accepts_card": true, "manager_id": 1, "sort_order": 1, "is_active": true, "is_available": true}' http://62.113.58.93:4040/api/v1/dashboard/pickup/update

2. Test Case ID: pSd6lW

- Undocumented HTTP status code

    Received: 401
    Documented: 200, 400

[401] Unauthorized:

    `{"message":"Unauthorized","statusCode":401}`

Reproduce with: 

    curl -X POST -H 'Content-Type: application/json' -d '{"id": 1, "name": {"uz": "Toshkent filiali", "ru": "\u0422\u0430\u0448\u043a\u0435\u043d\u0442\u0441\u043a\u0438\u0439 \u0444\u0438\u043b\u0438\u0430\u043b", "en": "Tashkent branch"}, "description": {"uz": "Asosiy filial", "ru": "\u0413\u043b\u0430\u0432\u043d\u044b\u0439 \u0444\u0438\u043b\u0438\u0430\u043b", "en": "Main branch"}, "type": "store", "address": "Tashkent, Yunusabad district, Amir Temur street 123", "location": {"latitude": 41.2995, "longitude": 69.2401, "address": "Tashkent"}, "phone": "+998901234567", "email": "branch@example.com", "working_hours": {}, "file_ids": [1, 2], "facilities": ["parking", "wifi", "air_conditioning"], "capacity": 100, "service_fee": 5, "max_storage_hours": 72, "accepts_cash": true, "accepts_card": true, "manager_id": 1, "sort_order": 1, "status": "active", "is_active": true, "is_available": true, "metadata": {}}' http://62.113.58.93:4040/api/v1/dashboard/pickup/update

_____________________ POST /api/v1/dashboard/pickup/delete _____________________
1. Test Case ID: ganYij

- Server error

- Undocumented HTTP status code

    Received: 500
    Documented: 200, 400

[500] Internal Server Error:

    `{"message":"Error deleting pickup point","error":"Pickup point not found"}`

Reproduce with: 

    curl -X POST -H 'Authorization: [Filtered]' -H 'Content-Type: application/json' -d '{"id": 1}' http://62.113.58.93:4040/api/v1/dashboard/pickup/delete

2. Test Case ID: M3Q26m

- Undocumented HTTP status code

    Received: 401
    Documented: 200, 400

[401] Unauthorized:

    `{"message":"Unauthorized","statusCode":401}`

Reproduce with: 

    curl -X POST -H 'Content-Type: application/json' -d '{"id": 1}' http://62.113.58.93:4040/api/v1/dashboard/pickup/delete

_____________________ POST /api/v1/dashboard/page/findOne ______________________
1. Test Case ID: yBcVYR

- Undocumented HTTP status code

    Received: 404
    Documented: 200, 400

[404] Not Found:

    `{"message":"Page not found"}`

Reproduce with: 

    curl -X POST -H 'Authorization: [Filtered]' -H 'Content-Type: application/json' -d '{"id": 1}' http://62.113.58.93:4040/api/v1/dashboard/page/findOne

2. Test Case ID: yF3fhv

- Undocumented HTTP status code

    Received: 401
    Documented: 200, 400

[401] Unauthorized:

    `{"message":"Unauthorized","statusCode":401}`

Reproduce with: 

    curl -X POST -H 'Content-Type: application/json' -d '{"id": 1}' http://62.113.58.93:4040/api/v1/dashboard/page/findOne

______________________ POST /api/v1/dashboard/page/update ______________________
1. Test Case ID: lU7M0b

- Server error

- Undocumented HTTP status code

    Received: 500
    Documented: 202, 400

[500] Internal Server Error:

    `{"message":"Error updating page","error":"Page not found"}`

Reproduce with: 

    curl -X POST -H 'Authorization: [Filtered]' -H 'Content-Type: application/json' -d '{"id": 1, "name": "about-us", "title": "Biz haqimizda", "description": "Bu bizning kompaniyamiz haqidagi sahifa."}' http://62.113.58.93:4040/api/v1/dashboard/page/update

2. Test Case ID: cZZ81B

- Undocumented HTTP status code

    Received: 401
    Documented: 202, 400

[401] Unauthorized:

    `{"message":"Unauthorized","statusCode":401}`

Reproduce with: 

    curl -X POST -H 'Content-Type: application/json' -d '{"id": 1, "name": "about-us", "title": "Biz haqimizda", "description": "Bu bizning kompaniyamiz haqidagi sahifa."}' http://62.113.58.93:4040/api/v1/dashboard/page/update

________________________ POST /api/v1/dashboard/auth/me ________________________
1. Test Case ID: rLUtbn

- Undocumented HTTP status code

    Received: 401
    Documented: 200, 400

[401] Unauthorized:

    `{"message":"Unauthorized","statusCode":401}`

Reproduce with: 

    curl -X POST http://62.113.58.93:4040/api/v1/dashboard/auth/me

2. Test Case ID: 8pbhUL

- Response violates schema

    '{"UZ":"uz","EN":"en","RU":"ru"}' is not one of ['uz', 'en', 'ru']

    Schema at /properties/result/properties/language:

        {
            "enum": [
                "uz",
                "en",
                "ru"
            ],
            "type": "string",
            "example": "uz"
        }

    Value:

        "{\"UZ\":\"uz\",\"EN\":\"en\",\"RU\":\"ru\"}"

[200] OK:

    `{"result":{"id":77,"role":"super_admin","first_name":"Admin","last_name":"User","language":"{\"UZ\":\"uz\",\"EN\":\"en\",\"RU\":\"ru\"}","login":"abdulaziz"}}`

Reproduce with: 

    curl -X POST -H 'Authorization: [Filtered]' http://62.113.58.93:4040/api/v1/dashboard/auth/me

_____________________ POST /api/v1/dashboard/brand/findAll _____________________
1. Test Case ID: lagWGd

- Undocumented HTTP status code

    Received: 401
    Documented: 200, 400

[401] Unauthorized:

    `{"message":"Unauthorized","statusCode":401}`

Reproduce with: 

    curl -X POST -H 'Content-Type: application/json' -d '{"page": 1, "limit": 10}' http://62.113.58.93:4040/api/v1/dashboard/brand/findAll

2. Test Case ID: glS7p6

- Response violates schema

    None is not of type 'number'

    Schema at /properties/pagination/properties/total:

        {
            "type": "number",
            "example": 10,
            "description": "Total number of pages"
        }

    Value:

        null

[200] OK:

    `{"pagination":{"current":0,"previous":0,"next":1,"limit":0,"total":null,"totalItems":32},"result":[{"id":43,"deleted_at":null,"created_at":"2025-11-16T20:46:50.451Z","updated_at":"2025-11-16T20:46:50.451Z","title":{"en":"tset ennnnn","ru":"test ruuuuuu","uz":"test uzzzzz"},"slug":"test-slu-slugggg","position":100,"public":false,"file":{"id":404,"public_url":"https://storage.cloupard.uz/stroymart/brands/96e32633-1019-4ee8-8d21-9c9387a3037a.png?X-Amz-Algorithm=AWS4-HMAC-SHA256&X-Amz-Content-Sha256=UNSIGNED-PA // Output truncated...`

Reproduce with: 

    curl -X POST -H 'Authorization: [Filtered]' -H 'Content-Type: application/json' -d '{"limit": 0.0, "page": 0.0}' http://62.113.58.93:4040/api/v1/dashboard/brand/findAll

_____________________ POST /api/v1/dashboard/brand/remove ______________________
1. Test Case ID: Wt9xFW

- Undocumented HTTP status code

    Received: 401
    Documented: 200, 400

[401] Unauthorized:

    `{"message":"Unauthorized","statusCode":401}`

Reproduce with: 

    curl -X POST -H 'Content-Type: application/json' -d '{"id": 1}' http://62.113.58.93:4040/api/v1/dashboard/brand/remove

__________________ POST /api/v1/dashboard/categories/findAll ___________________
1. Test Case ID: JuJql5

- Undocumented HTTP status code

    Received: 401
    Documented: 200, 400

[401] Unauthorized:

    `{"message":"Unauthorized","statusCode":401}`

Reproduce with: 

    curl -X POST -H 'Content-Type: application/json' -d '{"page": 1, "limit": 10}' http://62.113.58.93:4040/api/v1/dashboard/categories/findAll

2. Test Case ID: 0oSIgF

- Response violates schema

    None is not of type 'number'

    Schema at /properties/pagination/properties/total:

        {
            "type": "number",
            "example": 10,
            "description": "Total number of pages"
        }

    Value:

        null

[200] OK:

    `{"pagination":{"current":0,"previous":0,"next":1,"limit":0,"total":null,"totalItems":85},"result":[{"id":-1,"deleted_at":null,"created_at":"2025-11-02T10:47:36.922Z","updated_at":"2025-11-02T10:47:36.922Z","title":{"en":"Trending","ru":"Популярные","uz":"Mashhur"},"slug":"trending","level":0,"position":-1,"is_centered":true,"public":true,"parent_id":null,"file":null},{"id":-2,"deleted_at":null,"created_at":"2025-11-02T10:47:36.922Z","updated_at":"2025-11-02T10:47:36.922Z","title":{"en":"Weekly Discount","ru // Output truncated...`

Reproduce with: 

    curl -X POST -H 'Authorization: [Filtered]' -H 'Content-Type: application/json' -d '{"limit": 0.0, "page": 0.0}' http://62.113.58.93:4040/api/v1/dashboard/categories/findAll

___________________ POST /api/v1/dashboard/categories/remove ___________________
1. Test Case ID: XeIwG9

- Undocumented HTTP status code

    Received: 401
    Documented: 200, 400

[401] Unauthorized:

    `{"message":"Unauthorized","statusCode":401}`

Reproduce with: 

    curl -X POST -H 'Content-Type: application/json' -d '{"id": 1}' http://62.113.58.93:4040/api/v1/dashboard/categories/remove

____________________ POST /api/v1/dashboard/product/findAll ____________________
1. Test Case ID: qnpYMZ

- Undocumented HTTP status code

    Received: 401
    Documented: 200, 400

[401] Unauthorized:

    `{"message":"Unauthorized","statusCode":401}`

Reproduce with: 

    curl -X POST -H 'Content-Type: application/json' -d '{"page": 1, "limit": 10, "search": "test", "category_id": 1, "brand_ids": [1, 2], "is_discount": true, "is_new": true, "public": true, "created_at_from": "2024-01-01T00:00:00Z", "created_at_to": "2024-12-31T23:59:59Z"}' http://62.113.58.93:4040/api/v1/dashboard/product/findAll

2. Test Case ID: jJ5iPi

- Response violates schema

    None is not of type 'number'

    Schema at /properties/pagination/properties/total:

        {
            "type": "number",
            "example": 10,
            "description": "Total number of pages"
        }

    Value:

        null

[200] OK:

    `{"pagination":{"current":0,"previous":0,"next":0,"limit":0,"total":null,"totalItems":180},"result":[]}`

Reproduce with: 

    curl -X POST -H 'Authorization: [Filtered]' -H 'Content-Type: application/json' -d '{"limit": 0.0, "page": 0.0}' http://62.113.58.93:4040/api/v1/dashboard/product/findAll

____________________ POST /api/v1/dashboard/product/remove _____________________
1. Test Case ID: AIWSsQ

- Undocumented HTTP status code

    Received: 401
    Documented: 200, 400

[401] Unauthorized:

    `{"message":"Unauthorized","statusCode":401}`

Reproduce with: 

    curl -X POST -H 'Content-Type: application/json' -d '{"id": 1}' http://62.113.58.93:4040/api/v1/dashboard/product/remove

______________________ POST /api/v1/dashboard/unit/remove ______________________
1. Test Case ID: hes9Eu

- Undocumented HTTP status code

    Received: 401
    Documented: 200, 400

[401] Unauthorized:

    `{"message":"Unauthorized","statusCode":401}`

Reproduce with: 

    curl -X POST -H 'Content-Type: application/json' -d '{"id": 1}' http://62.113.58.93:4040/api/v1/dashboard/unit/remove

____________________ POST /api/v1/dashboard/banner/findAll _____________________
1. Test Case ID: bCUDep

- Undocumented HTTP status code

    Received: 401
    Documented: 200, 400

[401] Unauthorized:

    `{"message":"Unauthorized","statusCode":401}`

Reproduce with: 

    curl -X POST -H 'Content-Type: application/json' -d '{"page": 1, "limit": 10}' http://62.113.58.93:4040/api/v1/dashboard/banner/findAll

2. Test Case ID: UGAkfr

- Response violates schema

    None is not of type 'number'

    Schema at /properties/pagination/properties/total:

        {
            "type": "number",
            "example": 10,
            "description": "Total number of pages"
        }

    Value:

        null

[200] OK:

    `{"pagination":{"current":0,"previous":0,"next":1,"limit":0,"total":null,"totalItems":13},"result":[{"id":14,"deleted_at":null,"created_at":"2025-12-14T14:20:50.866Z","updated_at":"2025-12-14T14:20:50.866Z","title":{"en":"Summer discounts","ru":"Летние скидки","uz":"Yozgi chegirmalar"},"description":{"en":"Discounts up to 50%!","ru":"Скидки до 50%!","uz":"Chegirmalar 50% gacha!"},"link":"https://example.com","position":1,"top":true,"file":null},{"id":13,"deleted_at":null,"created_at":"2025-11-02T10:47:36.922 // Output truncated...`

Reproduce with: 

    curl -X POST -H 'Authorization: [Filtered]' -H 'Content-Type: application/json' -d '{"limit": 0.0, "page": 0.0}' http://62.113.58.93:4040/api/v1/dashboard/banner/findAll

_____________________ POST /api/v1/dashboard/banner/remove _____________________
1. Test Case ID: 7t8hHH

- Undocumented HTTP status code

    Received: 401
    Documented: 200, 400

[401] Unauthorized:

    `{"message":"Unauthorized","statusCode":401}`

Reproduce with: 

    curl -X POST -H 'Content-Type: application/json' -d '{"id": 1}' http://62.113.58.93:4040/api/v1/dashboard/banner/remove

______________________ POST /api/v1/dashboard/file/create ______________________
1. Test Case ID: 9v9CTL

- Undocumented HTTP status code

    Received: 401
    Documented: 201, 400

[401] Unauthorized:

    `{"message":"Unauthorized","statusCode":401}`

Reproduce with: 

    curl -X POST -H 'Content-Type: multipart/form-data; boundary=2684e29efb3dee9880c9b824a3480935' -d $'--254fc093836a824e1ffb3f22600bab33\r\nContent-Disposition: form-data; name="file"; filename="file"\r\n\r\n\r\n--254fc093836a824e1ffb3f22600bab33\r\nContent-Disposition: form-data; name="file_category"\r\n\r\nprofile_avatar\r\n--254fc093836a824e1ffb3f22600bab33--\r\n' http://62.113.58.93:4040/api/v1/dashboard/file/create

2. Test Case ID: 2EiNoE

- API rejected schema-compliant request

    Valid data should have been accepted
    Expected: 2xx, 401, 403, 404, 409, 5xx

[400] Bad Request:

    `{"message":"Validation failed (current file type is text/plain, expected type is .(png|jpeg|jpg|svg|webp))","error":"Bad Request","statusCode":400}`

Reproduce with: 

    curl -X POST -H 'Authorization: [Filtered]' -H 'Content-Type: multipart/form-data; boundary=ef0233304718c1d5794c5e252a391436' -d $'--0f7fd09c5a50942a277d7e21cfbdf110\r\nContent-Disposition: form-data; name="file"; filename="file"\r\n\r\n\r\n--0f7fd09c5a50942a277d7e21cfbdf110\r\nContent-Disposition: form-data; name="file_category"\r\n\r\nother\r\n--0f7fd09c5a50942a277d7e21cfbdf110--\r\n' http://62.113.58.93:4040/api/v1/dashboard/file/create

_____________________ POST /api/v1/dashboard/file/findAll ______________________
1. Test Case ID: 9NIkw3

- Undocumented HTTP status code

    Received: 401
    Documented: 200, 400

[401] Unauthorized:

    `{"message":"Unauthorized","statusCode":401}`

Reproduce with: 

    curl -X POST -H 'Content-Type: application/json' -d '{"page": 1, "limit": 10}' http://62.113.58.93:4040/api/v1/dashboard/file/findAll

2. Test Case ID: WW4mL2

- Response violates schema

    None is not of type 'number'

    Schema at /properties/pagination/properties/total:

        {
            "type": "number",
            "example": 10,
            "description": "Total number of pages"
        }

    Value:

        null

[200] OK:

    `{"pagination":{"current":0,"previous":0,"next":0,"limit":0,"total":null,"totalItems":436},"result":[]}`

Reproduce with: 

    curl -X POST -H 'Authorization: [Filtered]' -H 'Content-Type: application/json' -d '{"limit": 0.0, "page": 0.0}' http://62.113.58.93:4040/api/v1/dashboard/file/findAll

__________________ POST /api/v1/dashboard/promo-codes/findAll __________________
1. Test Case ID: ygrQuD

- Undocumented HTTP status code

    Received: 401
    Documented: 200, 400

[401] Unauthorized:

    `{"message":"Unauthorized","statusCode":401}`

Reproduce with: 

    curl -X POST -H 'Content-Type: application/json' -d '{"page": 1, "limit": 10, "search": "SAVE", "valid_until": "2024-12-31"}' http://62.113.58.93:4040/api/v1/dashboard/promo-codes/findAll

2. Test Case ID: u1DQjQ

- Response violates schema

    None is not of type 'number'

    Schema at /properties/pagination/properties/total:

        {
            "type": "number",
            "example": 10,
            "description": "Total number of pages"
        }

    Value:

        null

[200] OK:

    `{"pagination":{"current":0,"previous":0,"next":0,"limit":0,"total":null,"totalItems":17},"result":[]}`

Reproduce with: 

    curl -X POST -H 'Authorization: [Filtered]' -H 'Content-Type: application/json' -d '{"limit": 0.0, "page": 0.0}' http://62.113.58.93:4040/api/v1/dashboard/promo-codes/findAll

____________________ POST /api/v1/dashboard/review/findAll _____________________
1. Test Case ID: jLYJbd

- Undocumented HTTP status code

    Received: 401
    Documented: 200, 400

[401] Unauthorized:

    `{"message":"Unauthorized","statusCode":401}`

Reproduce with: 

    curl -X POST -H 'Content-Type: application/json' -d '{"page": 1, "limit": 10, "product_ids": [1, 2], "category_slug": "telefonlar"}' http://62.113.58.93:4040/api/v1/dashboard/review/findAll

2. Test Case ID: QrHTF7

- Response violates schema

    None is not of type 'number'

    Schema at /properties/pagination/properties/total:

        {
            "type": "number",
            "example": 10,
            "description": "Total number of pages"
        }

    Value:

        null

[200] OK:

    `{"pagination":{"current":0,"previous":0,"next":1,"limit":0,"total":null,"totalItems":1},"result":[{"id":1,"created_at":"2025-11-02T10:47:36.922Z","rating":5,"comment":"Yangilangan sharh","is_verified_purchase":true,"is_approved":true,"helpful_count":5,"product":null,"user":{"id":13,"fullname":""}}]}`

Reproduce with: 

    curl -X POST -H 'Authorization: [Filtered]' -H 'Content-Type: application/json' -d '{"limit": 0.0, "page": 0.0}' http://62.113.58.93:4040/api/v1/dashboard/review/findAll

_____________________ POST /api/v1/dashboard/review/update _____________________
1. Test Case ID: XMVoeX

- Undocumented HTTP status code

    Received: 401
    Documented: 202, 400

[401] Unauthorized:

    `{"message":"Unauthorized","statusCode":401}`

Reproduce with: 

    curl -X POST -H 'Content-Type: application/json' -d '{"id": 1, "is_approved": true, "rating": 5, "comment": "Yangilangan sharh", "is_verified_purchase": true, "helpful_count": 5}' http://62.113.58.93:4040/api/v1/dashboard/review/update

2. Test Case ID: eleSCd

- Server error

- Undocumented HTTP status code

    Received: 500
    Documented: 202, 400

[500] Internal Server Error:

    `{"message":"Error moderating review","error":"Review not found"}`

Reproduce with: 

    curl -X POST -H 'Authorization: [Filtered]' -H 'Content-Type: application/json' -d '{"id": 0.0, "is_approved": false}' http://62.113.58.93:4040/api/v1/dashboard/review/update

______________________ POST /api/v1/dashboard/page/create ______________________
1. Test Case ID: U3GIrX

- Undocumented HTTP status code

    Received: 401
    Documented: 201, 400

[401] Unauthorized:

    `{"message":"Unauthorized","statusCode":401}`

Reproduce with: 

    curl -X POST -H 'Content-Type: application/json' -d '{"name": "about-us", "title": "Biz haqimizda", "description": "Bu bizning kompaniyamiz haqidagi sahifa."}' http://62.113.58.93:4040/api/v1/dashboard/page/create

2. Test Case ID: 5LExgd

- Response violates schema

    ['name should not be empty', 'title should not be empty'] is not of type 'string'

    Schema at /properties/message:

        {
            "type": "string",
            "example": "User not found"
        }

    Value:

        [
            "name should not be empty",
            "title should not be empty"
        ]

- API rejected schema-compliant request

    Valid data should have been accepted
    Expected: 2xx, 401, 403, 404, 409, 5xx

[400] Bad Request:

    `{"message":["name should not be empty","title should not be empty"],"error":"Bad Request","statusCode":400}`

Reproduce with: 

    curl -X POST -H 'Authorization: [Filtered]' -H 'Content-Type: application/json' -d '{"description": "", "name": "", "title": ""}' http://62.113.58.93:4040/api/v1/dashboard/page/create

_____________________ POST /api/v1/dashboard/page/findAll ______________________
1. Test Case ID: JzwOAs

- Undocumented HTTP status code

    Received: 401
    Documented: 200, 400

[401] Unauthorized:

    `{"message":"Unauthorized","statusCode":401}`

Reproduce with: 

    curl -X POST -H 'Content-Type: application/json' -d '{"page": 1, "limit": 10}' http://62.113.58.93:4040/api/v1/dashboard/page/findAll

2. Test Case ID: KBzPVU

- Response violates schema

    None is not of type 'number'

    Schema at /properties/pagination/properties/total:

        {
            "type": "number",
            "example": 10,
            "description": "Total number of pages"
        }

    Value:

        null

[200] OK:

    `{"pagination":{"current":0,"previous":0,"next":0,"limit":0,"total":null,"totalItems":9},"result":[]}`

Reproduce with: 

    curl -X POST -H 'Authorization: [Filtered]' -H 'Content-Type: application/json' -d '{"limit": 0.0, "page": 0.0}' http://62.113.58.93:4040/api/v1/dashboard/page/findAll

______________________ POST /api/v1/dashboard/page/remove ______________________
1. Test Case ID: U4yRXj

- Undocumented HTTP status code

    Received: 401
    Documented: 200, 400

[401] Unauthorized:

    `{"message":"Unauthorized","statusCode":401}`

Reproduce with: 

    curl -X POST -H 'Content-Type: application/json' -d '{"id": 1}' http://62.113.58.93:4040/api/v1/dashboard/page/remove

=================================== SUMMARY ====================================

API Operations:
  Selected: 67/67
  Tested: 67

Test Phases:
  ❌ Examples
  ❌ Coverage
  ❌ Fuzzing
  ⏭  Stateful (not applicable)

Failures:
  ❌ Server error: 27
  ❌ Response violates schema: 40
  ❌ API rejected schema-compliant request: 19
  ❌ Missing header not rejected: 2
  ❌ Undocumented HTTP status code: 106

Test cases:
  409 generated, 151 found 194 unique failures, 170 skipped

Seed: 237156813261534840538114069717309439763

============================ 194 failures in 30.28s ============================
